  Game.cpp
C:\Users\st\source\repos\Xonix\Game.cpp(136,50): warning C4244: 'argument': conversion from 'size_t' to 'float', possible loss of data
  barrier.cpp
C:\Users\st\source\repos\Xonix\barrier.cpp(31,59): warning C4244: 'return': conversion from 'T' to 'size_t', possible loss of data
          with
          [
              T=float
          ]
C:\Users\st\source\repos\Xonix\barrier.cpp(32,60): warning C4244: 'return': conversion from 'T' to 'size_t', possible loss of data
          with
          [
              T=float
          ]
C:\Users\st\source\repos\Xonix\barrier.cpp(36,15): warning C4244: 'initializing': conversion from 'size_t' to 'float', possible loss of data
C:\Users\st\source\repos\Xonix\barrier.cpp(39,22): warning C4244: '=': conversion from 'int' to 'float', possible loss of data
C:\Users\st\source\repos\Xonix\barrier.cpp(40,22): warning C4244: '=': conversion from 'int' to 'float', possible loss of data
C:\Users\st\source\repos\Xonix\barrier.cpp(46,26): warning C4244: 'argument': conversion from 'double' to 'T', possible loss of data
          with
          [
              T=float
          ]
C:\Users\st\source\repos\Xonix\barrier.cpp(45,26): warning C4244: 'argument': conversion from 'double' to 'T', possible loss of data
          with
          [
              T=float
          ]
  bonus.cpp
C:\Users\st\source\repos\Xonix\bonus.cpp(16,58): warning C4244: 'return': conversion from 'T' to 'size_t', possible loss of data
          with
          [
              T=float
          ]
C:\Users\st\source\repos\Xonix\bonus.cpp(17,59): warning C4244: 'return': conversion from 'T' to 'size_t', possible loss of data
          with
          [
              T=float
          ]
  explosion.cpp
C:\Users\st\source\repos\Xonix\explosion.cpp(15,49): warning C4244: 'argument': conversion from 'double' to 'float', possible loss of data
C:\Users\st\source\repos\Xonix\explosion.cpp(15,30): warning C4244: 'argument': conversion from 'double' to 'float', possible loss of data
C:\Users\st\source\repos\Xonix\explosion.cpp(22,27): warning C4018: '>': signed/unsigned mismatch
C:\Users\st\source\repos\Xonix\explosion.cpp(28,51): warning C4244: 'argument': conversion from 'double' to 'float', possible loss of data
C:\Users\st\source\repos\Xonix\explosion.cpp(28,32): warning C4244: 'argument': conversion from 'double' to 'float', possible loss of data
C:\Users\st\source\repos\Xonix\explosion.cpp(39,62): warning C4244: 'return': conversion from 'T' to 'size_t', possible loss of data
          with
          [
              T=float
          ]
C:\Users\st\source\repos\Xonix\explosion.cpp(40,63): warning C4244: 'return': conversion from 'T' to 'size_t', possible loss of data
          with
          [
              T=float
          ]
  laser.cpp
C:\Users\st\source\repos\Xonix\laser.cpp(12,58): warning C4244: 'return': conversion from 'T' to 'size_t', possible loss of data
          with
          [
              T=float
          ]
C:\Users\st\source\repos\Xonix\laser.cpp(13,59): warning C4244: 'return': conversion from 'T' to 'size_t', possible loss of data
          with
          [
              T=float
          ]
  main.cpp
C:\Users\st\source\repos\Xonix\main.cpp(7,15): warning C4244: 'argument': conversion from 'time_t' to 'unsigned int', possible loss of data
  player.cpp
C:\Users\st\source\repos\Xonix\player.cpp(34,60): warning C4244: 'return': conversion from 'T' to 'size_t', possible loss of data
          with
          [
              T=float
          ]
C:\Users\st\source\repos\Xonix\player.cpp(35,61): warning C4244: 'return': conversion from 'T' to 'size_t', possible loss of data
          with
          [
              T=float
          ]
  Generating Code...
  Xonix.vcxproj -> C:\Users\st\source\repos\Xonix\Debug\Xonix.exe
